[ 2016-12-29 20:24:14 ] <1482672213> 76561198126667070 => 5.00
[ 2016-12-29 21:34:12 ] <1482676270> 76561198180978938 => 100.00
[ 2016-12-30 17:33:51 ] <1482748380> 76561198092685527 => 500.00
[ 2016-12-30 21:09:33 ] <1482761228> 76561198263579828 => 175.00
[ 2016-12-30 22:14:05 ] <1482765159> 76561198277365032 => 500.00
[ 2016-12-31 03:09:13 ] <1482782859> 76561198175709465 => 650.00
[ 2016-12-31 03:19:32 ] <1482783513> 76561198175709465 => 5.00
[ 2016-12-31 17:12:24 ] <1482833386> 76561198337751160 => 500.00
[ 2016-12-31 18:12:36 ] <1482837082> 76561198337751160 => 250.00
[ 2016-12-31 18:25:46 ] <1482837942> 76561198180970287 => 2.00
[ 2016-12-31 19:43:43 ] <1482842557> 76561198194303881 => 555.00
[ 2017-01-01 00:17:02 ] <1482858961> 76561198193161693 => 345.00
[ 2017-01-01 00:23:36 ] <1482859364> 76561198185513765 => 750.00
[ 2017-01-01 01:49:42 ] <1482864490> 76561198126667070 => 10.00
[ 2017-01-01 02:14:27 ] <1482866032> 76561198126667070 => 5.00
[ 2017-01-01 04:35:46 ] <1482874495> 76561198126667070 => 3.00
[ 2016-12-31 11:45:15 ] <1482914660> 76561198194303881 => 554.00
[ 2016-12-31 13:30:09 ] <1482920871> 76561198146397164 => 600.00
[ 2016-12-31 15:08:05 ] <1482926776> 76561198055360446 => 150.00
[ 2016-12-31 17:07:39 ] <1482933949> 76561198086008629 => 615.00
[ 2016-12-31 17:11:27 ] <1482934212> 76561198126667070 => 3.00
[ 2016-12-31 18:16:34 ] <1482938101> 76561198193161693 => 460.00
[ 2016-12-31 18:36:02 ] <1482939117> 76561198058945042 => 600.00
[ 2016-12-31 19:02:03 ] <1482940829> 76561198092685527 => 950.00
[ 2016-12-31 20:34:02 ] <1482946207> 76561198007731532 => 350.00
[ 2016-12-31 21:22:02 ] <1482948996> 76561198007002474 => 350.00
[ 2016-12-31 22:25:49 ] <1482953016> 76561198068674533 => 265.00
[ 2016-12-31 23:02:10 ] <1482954932> 76561198081445445 => 140.00
[ 2017-01-01 01:11:03 ] <1482962947> 76561198115191525 => 485.00
[ 2017-01-01 01:17:43 ] <1482963403> 76561198115191525 => 50.00
[ 2017-01-01 01:40:52 ] <1482964757> 76561198086486536 => 110.00
[ 2017-01-01 11:50:28 ] <1483001319> 76561198129243682 => 222.00
[ 2017-01-01 13:28:45 ] <1483007203> 76561198009576692 => 350.00
[ 2017-01-01 15:47:22 ] <1483015559> 76561198086008629 => 150.00
[ 2017-01-01 15:51:25 ] <1483015744> 76561198095785401 => 140.00
[ 2017-01-01 23:27:50 ] <1483043217> 76561198074886307 => 265.00
[ 2017-01-01 23:31:30 ] <1483043462> 76561198074886307 => 770.00
[ 2017-01-01 23:34:25 ] <1483043638> 76561198074886307 => 490.00
[ 2017-01-01 23:36:26 ] <1483043763> 76561198074886307 => 420.00
[ 2017-01-02 06:39:27 ] <1483068960> 76561198007002474 => 140.00
[ 2017-01-02 06:52:22 ] <1483069862> 76561198007002474 => 595.00
[ 2017-01-02 12:26:19 ] <1483089887> 76561198108144596 => 1.00
[ 2017-01-02 12:29:00 ] <1483090112> 76561198108144596 => 239.00
[ 2017-01-02 14:16:38 ] <1483096462> 76561198160405023 => 760.00
[ 2017-01-02 14:21:06 ] <1483096785> 76561198188543071 => 350.00
[ 2017-01-02 14:39:47 ] <1483097690> 76561198263579828 => 525.00
[ 2017-01-02 15:54:14 ] <1483102324> 76561198034680920 => 350.00
[ 2017-01-02 17:07:21 ] <1483106765> 76561198130097470 => 650.00
[ 2017-01-02 18:22:11 ] <1483111182> 76561198112324857 => 350.00
[ 2017-01-02 19:53:30 ] <1483116735> 76561198058945042 => 700.00
[ 2017-01-02 20:03:21 ] <1483117339> 76561198152439652 => 350.00
[ 2017-01-02 20:12:28 ] <1483117832> 76561198047941984 => 350.00
[ 2017-01-02 22:03:10 ] <1483124325> 76561198159195167 => 175.00
[ 2017-01-03 00:04:57 ] <1483131749> 76561198095785401 => 340.00
[ 2017-01-03 13:05:32 ] <1483178495> 76561198159195167 => 265.00
[ 2017-01-03 13:12:02 ] <1483178872> 76561198088710941 => 840.00
[ 2017-01-03 15:48:33 ] <1483188390> 76561198084253218 => 210.00
[ 2017-01-03 17:30:15 ] <1483194427> 76561198249323442 => 175.00
[ 2017-01-03 18:24:03 ] <1483197740> 76561198152439652 => 500.00
[ 2017-01-03 18:36:02 ] <1483197857> 76561198271295944 => 5000.00
[ 2017-01-03 21:24:04 ] <1483208602> 76561198108144596 => 400.00
[ 2017-01-03 22:04:02 ] <1483210916> 76561198159195167 => 225.00
[ 2017-01-04 01:21:53 ] <1483222861> 76561198193161693 => 700.00
[ 2017-01-04 13:30:40 ] <1483266538> 76561198157570824 => 500.00
[ 2017-01-04 17:32:18 ] <1483281078> 76561198317290724 => 315.00
[ 2017-01-04 17:44:46 ] <1483281803> 76561198271295944 => 350.00
[ 2017-01-04 18:08:12 ] <1483283187> 76561198120649167 => 375.00
[ 2017-01-04 18:09:07 ] <1483283238> 76561198091961521 => 11.00
[ 2017-01-04 22:15:56 ] <1483298008> 76561198068674533 => 330.00
[ 2017-01-05 14:45:33 ] <1483357453> 76561198129141267 => 750.00
[ 2017-01-05 17:55:29 ] <1483368827> 76561198095785401 => 100.00
[ 2017-01-05 18:49:45 ] <1483372095> 76561198143816171 => 265.00
[ 2017-01-06 13:12:33 ] <1483437985> 76561198120649167 => 700.00
[ 2017-01-06 15:26:40 ] <1483446359> 76561198022382583 => 175.00
[ 2017-01-06 16:32:09 ] <1483450249> 76561198157570824 => 10.00
[ 2017-01-06 16:34:20 ] <1483450399> 76561198126667070 => 10.00
[ 2017-01-06 18:07:37 ] <1483455839> 76561198310087410 => 450.00
[ 2017-01-06 21:09:02 ] <1483466826> 76561198084253218 => 140.00
[ 2017-01-06 21:22:58 ] <1483467717> 76561198317290724 => 183.00
[ 2017-01-06 21:37:19 ] <1483468520> 76561198133099962 => 3100.00
[ 2017-01-07 00:00:59 ] <1483477194> 76561198068674533 => 140.00
[ 2017-01-07 08:25:43 ] <1483507492> 76561198298377548 => 210.00
[ 2017-01-07 11:28:33 ] <1483518465> 76561198068674533 => 30.00
[ 2017-01-07 13:56:50 ] <1483527235> 76561198089511888 => 210.00
[ 2017-01-07 15:54:28 ] <1483534379> 76561198159987337 => 1000.00
[ 2017-01-07 17:26:20 ] <1483539925> 76561198179987295 => 179.00
[ 2017-01-07 21:05:29 ] <1483553064> 76561198153591689 => 265.00
[ 2017-01-08 00:32:18 ] <1483565496> 76561198180970287 => 1.00
[ 2017-01-08 00:38:19 ] <1483565851> 76561198180970287 => 1.00
[ 2017-01-08 14:41:08 ] <1483616309> 76561198089511888 => 350.00
[ 2017-01-08 19:27:49 ] <1483633552> 76561198271632863 => 550.00
[ 2017-01-08 20:34:47 ] <1483637643> 76561198271632863 => 75.00
[ 2017-01-08 22:09:05 ] <1483643203> 76561198080057082 => 320.00
[ 2017-01-09 09:16:03 ] <1483683231> 76561198118949279 => 350.00
[ 2017-01-09 14:10:57 ] <1483700854> 76561198288130059 => 350.00
[ 2017-01-11 17:22:56 ] <1483885256> 76561198089511888 => 265.00
[ 2017-01-11 18:33:23 ] <1483889529> 76561198066920351 => 175.00
[ 2017-01-11 20:59:27 ] <1483898302> 76561198226395232 => 720.00
[ 2017-01-12 14:45:18 ] <1483962266> 76561198191299914 => 80.00
[ 2017-01-12 20:23:29 ] <1483982529> 76561198250329704 => 350.00
[ 2017-01-13 11:13:12 ] <1484035937> 76561198288130059 => 245.00
[ 2017-01-13 14:26:24 ] <1484047453> 76561198242918992 => 175.00
[ 2017-01-13 14:37:02 ] <1484047742> 76561198118949279 => 300.00
[ 2017-01-13 15:21:35 ] <1484050658> 76561198159195167 => 281.00
[ 2017-01-13 17:16:33 ] <1484057750> 76561198118949279 => 15.00
[ 2017-01-14 09:16:03 ] <1484115291> 76561198205714507 => 140.00
[ 2017-01-14 12:56:10 ] <1484128328> 76561198249323442 => 385.00
[ 2017-01-14 15:32:32 ] <1484137872> 76561198300445639 => 80.00
[ 2017-01-14 15:35:19 ] <1484137752> 76561198190904403 => 265.00
[ 2017-01-14 17:30:14 ] <1484144911> 76561198080057082 => 320.00
[ 2017-01-14 19:43:47 ] <1484152976> 76561198009576692 => 100.00
[ 2017-01-15 14:30:00 ] <1484220466> 76561198179987295 => 210.00
[ 2017-01-15 14:49:42 ] <1484221714> 76561198179987295 => 59.00
[ 2017-01-15 14:57:05 ] <1484222078> 76561198179987295 => 25.00
[ 2017-01-15 20:37:07 ] <1484242314> 76561198207357332 => 100.00
[ 2017-01-15 21:44:57 ] <1484246624> 76561198179987295 => 72.00
[ 2017-01-17 15:41:27 ] <1484397620> 76561198271632863 => 25.00
[ 2017-01-17 17:10:56 ] <1484402994> 76561198325117303 => 210.00
[ 2017-01-17 17:54:17 ] <1484405613> 76561198152855999 => 360.00
[ 2017-01-18 13:32:35 ] <1484476259> 76561198194610975 => 350.00
[ 2017-01-26 16:23:11 ] <1485177659> 76561198273766970 => 200.00
[ 2017-01-27 11:28:06 ] <1485246304> 76561198152855999 => 645.00
[ 2017-01-28 14:18:57 ] <1485342962> 76561198019337272 => 281.00
[ 2017-01-29 21:04:03 ] <1485453724> 76561198325117303 => 400.00
[ 2017-01-31 17:10:02 ] <1485612340> 76561198325117303 => 35.00
[ 2017-01-31 19:35:39 ] <1485621261> 76561198325117303 => 280.00
[ 2017-02-01 11:56:43 ] <1485680109> 76561198251733764 => 1000.00
[ 2017-02-01 21:14:24 ] <1485713590> 76561198095785401 => 100.00
[ 2017-02-02 12:06:47 ] <1485767144> 76561198085701332 => 85.00
[ 2017-02-08 15:35:11 ] <1486297911> 76561198169284386 => 265.00
[ 2017-02-26 17:07:27 ] <1487858719> 76561198353612347 => 450.00
[ 2017-02-26 22:50:04 ] <1487879300> 76561198292079471 => 100.00
[ 2017-02-26 22:53:49 ] <1487879519> 76561198292079471 => 400.00
[ 2017-03-01 17:14:20 ] <1488017604> 76561198126667070 => 2.00
/////////////////////////////////////////////////////////////////
////////////////НОВЫЕ ДОНАТЫ////////////////////////////////////
/////////////////////////////////////////////////////////////////
[ 2017-03-01 17:18:06 ] <1488017813> 76561198126667070 2656596463 STEAM_0:0:83200671 => 3.00
[ 2017-03-01 23:44:59 ] <1488040989> 76561198126667070 2656596463 STEAM_0:0:83200671 => 25.00
[ 2017-03-02 02:13:10 ] <1488049984> 76561198180970287 425746743 STEAM_0:1:110352279 => 22.00
[ 2017-03-02 02:13:24 ] <1488049999> 76561198180970287 425746743 STEAM_0:1:110352279 => 1.00
[ 2017-03-02 02:44:19 ] <1488050967> 76561198152154617 1085839408 STEAM_0:1:95944444 => 10.00
[ 2017-03-02 03:00:29 ] <1488052811> 76561198152154617 1085839408 STEAM_0:1:95944444 => 1.00
[ 2017-03-02 18:53:18 ] <1488109657> 76561198178572454 2834582792 STEAM_0:0:109153363 => 220.00
[ 2017-03-03 00:00:44 ] <1488128076> 76561198074407832 1615833386 STEAM_0:0:57071052 => 1000.00
[ 2017-03-03 01:35:53 ] <1488134062> 76561198143816171 3350071552 STEAM_0:1:91775221 => 179.00
[ 2017-03-03 01:52:19 ] <1488135043> 76561198074407832 1615833386 STEAM_0:0:57071052 => 90.00
[ 2017-03-03 22:37:26 ] <1488209767> 76561198148332331 333452424 STEAM_0:1:94033301 => 500.00
[ 2017-03-04 01:36:41 ] <1488220523> 76561198292079471 2614891664 STEAM_0:1:165906871 => 200.00
SERVER 2 [ 2017-03-06 02:15:32 ] <1488395706> 76561198180970287  425746743 STEAM_0:1:110352279 => 32.00
SERVER Metro 2033 [ 2017-03-06 02:34:18 ] <1488396854> 76561198180970287  425746743 STEAM_0:1:110352279 => 2.00
SERVER Metro 2033 [ 2017-03-06 19:07:53 ] <1488456418> 76561198292079471  2614891664 STEAM_0:1:165906871 => 263.75
SERVER Metro 2033 425746743 STEAM_0:1:110352279 => 5
SERVER Metro 2033 425746743 STEAM_0:1:110352279 => 15395
SERVER Metro 2033 425746743 STEAM_0:1:110352279 => 30785
SERVER Metro 2033 425746743 STEAM_0:1:110352279 => 46175
SERVER Metro 2033 425746743 STEAM_0:1:110352279 => 46175
SERVER Metro 2033 425746743 STEAM_0:1:110352279 => 46175
SERVER Metro 2033 425746743 STEAM_0:1:110352279 => 46175
SERVER Metro 2033 425746743 STEAM_0:1:110352279 => 46175
SERVER Metro 2033 425746743 STEAM_0:1:110352279 => 46175
SERVER Metro 2033 425746743 STEAM_0:1:110352279 => 46175
SERVER Metro 2033 425746743 STEAM_0:1:110352279 => 46175
SERVER Metro 2033 425746743 STEAM_0:1:110352279 => 46176
SERVER Metro 2033 425746743 STEAM_0:1:110352279 => 46177
SERVER Metro 2033 425746743 STEAM_0:1:110352279 => 46178
SERVER Metro 2033 425746743 STEAM_0:1:110352279 => 46179
SERVER Metro 2033 425746743 STEAM_0:1:110352279 => 46180
SERVER Metro 2033 425746743 STEAM_0:1:110352279 => 46181
SERVER Metro 2033 425746743 STEAM_0:1:110352279 => 46182
SERVER Metro 2033 425746743 STEAM_0:1:110352279 => 46183
SERVER Metro 2033 425746743 STEAM_0:1:110352279 => 46184
SERVER Metro 2033 425746743 STEAM_0:1:110352279 => 46184
SERVER Metro 2033 425746743 STEAM_0:1:110352279 => 46184
SERVER Metro 2033 425746743 STEAM_0:1:110352279 => 46184
SERVER Metro 2033 425746743 STEAM_0:1:110352279 => 46184
SERVER Metro 2033 425746743 STEAM_0:1:110352279 => 46184
SERVER Metro 2033 425746743 STEAM_0:1:110352279 => 46184
SERVER Metro 2033 425746743 STEAM_0:1:110352279 => 46184
SERVER Metro 2033 425746743 STEAM_0:1:110352279 => 46184
SERVER Metro 2033 425746743 STEAM_0:1:110352279 => 46184
SERVER Metro 2033 425746743 STEAM_0:1:110352279 => 46184
SERVER Metro 2033 425746743 STEAM_0:1:110352279 => 46184
SERVER Metro 2033 425746743 STEAM_0:1:110352279 => 46184
SERVER Metro 2033 425746743 STEAM_0:1:110352279 => 46184
SERVER Metro 2033 425746743 STEAM_0:1:110352279 => 46184
SERVER Metro 2033 425746743 STEAM_0:1:110352279 => 46184
SERVER Metro 2033 425746743 STEAM_0:1:110352279 => 46184
SERVER Metro 2033 425746743 STEAM_0:1:110352279 => 46184
SERVER Metro 2033 425746743 STEAM_0:1:110352279 => 46184
SERVER Metro 2033 425746743 STEAM_0:1:110352279 => 46184
SERVER Metro 2033 425746743 STEAM_0:1:110352279 => 46184
SERVER Metro 2033 425746743 STEAM_0:1:110352279 => 46184
SERVER Metro 2033 425746743 STEAM_0:1:110352279 => 46184
SERVER Metro 2033 425746743 STEAM_0:1:110352279 => 46184
SERVER Metro 2033 425746743 STEAM_0:1:110352279 => 46184
SERVER Metro 2033 425746743 STEAM_0:1:110352279 => 46184
SERVER Metro 2033 425746743 STEAM_0:1:110352279 => 46184
SERVER Metro 2033 425746743 STEAM_0:1:110352279 => 46184
SERVER Metro 2033 425746743 STEAM_0:1:110352279 => 46184
SERVER Metro 2033 425746743 STEAM_0:1:110352279 => 46184
SERVER Metro 2033 425746743 STEAM_0:1:110352279 => 46184
SERVER Metro 2033 425746743 STEAM_0:1:110352279 => 46184
SERVER Metro 2033 425746743 STEAM_0:1:110352279 => 46184
SERVER Metro 2033 425746743 STEAM_0:1:110352279 => 46184
SERVER Metro 2033 425746743 STEAM_0:1:110352279 => 46184
SERVER Metro 2033 425746743 STEAM_0:1:110352279 => 46184
SERVER Metro 2033 425746743 STEAM_0:1:110352279 => 46184
SERVER Metro 2033 425746743 STEAM_0:1:110352279 => 46184
SERVER Metro 2033 425746743 STEAM_0:1:110352279 => 46184
SERVER Metro 2033 425746743 STEAM_0:1:110352279 => 46184
SERVER Metro 2033 425746743 STEAM_0:1:110352279 => 46184
SERVER Metro 2033 425746743 STEAM_0:1:110352279 => 46184
SERVER Metro 2033 425746743 STEAM_0:1:110352279 => 46184
SERVER Metro 2033 425746743 STEAM_0:1:110352279 => 46184
SERVER Metro 2033 425746743 STEAM_0:1:110352279 => 46184
SERVER Metro 2033 425746743 STEAM_0:1:110352279 => 46184
SERVER Metro 2033 425746743 STEAM_0:1:110352279 => 46184
SERVER Metro 2033 425746743 STEAM_0:1:110352279 => 46184
SERVER Metro 2033 425746743 STEAM_0:1:110352279 => 46184
SERVER Metro 2033 425746743 STEAM_0:1:110352279 => 46184
SERVER Metro 2033 425746743 STEAM_0:1:110352279 => 46184
SERVER Metro 2033 425746743 STEAM_0:1:110352279 => 46184
SERVER Metro 2033 425746743 STEAM_0:1:110352279 => 46184
SERVER Metro 2033 425746743 STEAM_0:1:110352279 => 46184
SERVER Metro 2033 425746743 STEAM_0:1:110352279 => 46184
SERVER Metro 2033 425746743 STEAM_0:1:110352279 => 46184
SERVER Metro 2033 425746743 STEAM_0:1:110352279 => 46184
SERVER Metro 2033 425746743 STEAM_0:1:110352279 => 46185.25
SERVER Metro 2033 425746743 STEAM_0:1:110352279 => 625
SERVER Metro 2033 2656596463 STEAM_0:0:83200671 => 37.5
SERVER Metro 2033 2656596463 STEAM_0:0:83200671 => 37.5
SERVER Metro 2033 425746743 STEAM_0:1:110352279 => 6.25
SERVER Metro 2033 425746743 STEAM_0:1:110352279 => 6245
SERVER Metro 2033 425746743 STEAM_0:1:110352279 => 6243.75
SERVER Metro 2033 2656596463 STEAM_0:0:83200671 => 1.25
SERVER Metro 2033 2656596463 STEAM_0:0:83200671 => 1.25
SERVER Metro 2033 2656596463 STEAM_0:0:83200671 => 62.5
SERVER Metro 2033 2656596463 STEAM_0:0:83200671 => 37.5
